d:\jhsengine\jhsengine\jhsengine\debug\vc143.pdb
d:\jhsengine\jhsengine\jhsengine\debug\vc143.idb
d:\jhsengine\jhsengine\jhsengine\debug\matrix_2x2.obj
d:\jhsengine\jhsengine\jhsengine\debug\math_utils.obj
d:\jhsengine\jhsengine\jhsengine\debug\simple_image.obj
d:\jhsengine\jhsengine\jhsengine\debug\simple_image_bmp.obj
d:\jhsengine\jhsengine\jhsengine\debug\simple_object.obj
d:\jhsengine\jhsengine\jhsengine\debug\simple_net_type.obj
d:\jhsengine\jhsengine\jhsengine\debug\simple_net_drive_udp.obj
d:\jhsengine\jhsengine\jhsengine\debug\simple_net_drive_tcp.obj
d:\jhsengine\jhsengine\jhsengine\debug\simple_net_drive.obj
d:\jhsengine\jhsengine\jhsengine\debug\simple_connetion_udp.obj
d:\jhsengine\jhsengine\jhsengine\debug\simple_connetion_tcp.obj
d:\jhsengine\jhsengine\jhsengine\debug\simple_connetion.obj
d:\jhsengine\jhsengine\jhsengine\debug\simple_channel.obj
d:\jhsengine\jhsengine\jhsengine\debug\simple_io_stream.obj
d:\jhsengine\jhsengine\jhsengine\debug\windowsmessageprocessing.obj
d:\jhsengine\jhsengine\jhsengine\debug\windowsengine.obj
d:\jhsengine\jhsengine\jhsengine\debug\jhsengine.obj
d:\jhsengine\jhsengine\jhsengine\debug\enginefactory.obj
d:\jhsengine\jhsengine\jhsengine\debug\winmaincommandparameters.obj
d:\jhsengine\jhsengine\jhsengine\debug\engine.obj
d:\jhsengine\jhsengine\jhsengine\debug\vector_color.obj
d:\jhsengine\jhsengine\jhsengine\debug\vector_4id.obj
d:\jhsengine\jhsengine\jhsengine\debug\vector_4d.obj
d:\jhsengine\jhsengine\jhsengine\debug\vector_3id.obj
d:\jhsengine\jhsengine\jhsengine\debug\vector_3d.obj
d:\jhsengine\jhsengine\jhsengine\debug\vector_2id.obj
d:\jhsengine\jhsengine\jhsengine\debug\vector_2d.obj
d:\jhsengine\jhsengine\jhsengine\debug\triangle.obj
d:\jhsengine\jhsengine\jhsengine\debug\line.obj
d:\jhsengine\jhsengine\jhsengine\debug\matrix_4x4.obj
d:\jhsengine\jhsengine\jhsengine\debug\matrix_3x3.obj
d:\jhsengine\jhsengine\jhsengine\debug\simple_math.obj
d:\jhsengine\jhsengine\jhsengine\debug\simple_c_log.obj
d:\jhsengine\jhsengine\jhsengine\debug\simple_c_windows_setting.obj
d:\jhsengine\jhsengine\jhsengine\debug\simple_c_windows_register.obj
d:\jhsengine\jhsengine\jhsengine\debug\simple_c_time.obj
d:\jhsengine\jhsengine\jhsengine\debug\simple_c_locale_list.obj
d:\jhsengine\jhsengine\jhsengine\debug\simple_c_path.obj
d:\jhsengine\jhsengine\jhsengine\debug\simple_file_helper.obj
d:\jhsengine\jhsengine\jhsengine\debug\simple_guid.obj
d:\jhsengine\jhsengine\jhsengine\debug\string_algorithm.obj
d:\jhsengine\jhsengine\jhsengine\debug\simple_c_array_string.obj
d:\jhsengine\jhsengine\debug\jhsengine.exe
d:\jhsengine\jhsengine\debug\jhsengine.pdb
d:\jhsengine\jhsengine\jhsengine\debug\jhsengine.ilk
d:\jhsengine\jhsengine\jhsengine\debug\jhsengine.tlog\cl.read.1.tlog
d:\jhsengine\jhsengine\jhsengine\debug\jhsengine.tlog\cl.write.1.tlog
d:\jhsengine\jhsengine\jhsengine\debug\jhsengine.tlog\cl.command.1.tlog
d:\jhsengine\jhsengine\jhsengine\debug\jhsengine.tlog\link.read.1.tlog
d:\jhsengine\jhsengine\jhsengine\debug\jhsengine.tlog\link.write.1.tlog
d:\jhsengine\jhsengine\jhsengine\debug\jhsengine.tlog\link.command.1.tlog
d:\jhsengine\jhsengine\jhsengine\debug\jhsengine.tlog\link.secondary.1.tlog
d:\jhsengine\jhsengine\jhsengine\debug\jhsengine.tlog\cl.items.tlog
